<?xml version="1.0" encoding="UTF-8"?>
<!-- Generated by org.testng.reporters.JUnitReportReporter -->
<testsuite hostname="DESKTOP-RLVQPSS" failures="0" tests="1" name="com.demoqa.Test.DemoQA" time="13.140" errors="0" timestamp="2020-05-17T19:16:06 IST" skipped="0">
  <testcase classname="com.demoqa.Test.DemoQA" name="TC001_SelectableTest" time="13.140"/>
  <system-out/>
</testsuite> <!-- com.demoqa.Test.DemoQA -->
