<?xml version="1.0" encoding="UTF-8"?>
<!-- Generated by org.testng.reporters.JUnitReportReporter -->
<testsuite hostname="DESKTOP-RLVQPSS" failures="0" tests="1" name="com.assignment.Utils.Utilities" time="0.024" errors="0" timestamp="2020-05-12T12:55:22 IST" skipped="0">
  <testcase classname="com.assignment.Utils.Utilities" name="fetchData" time="0.024"/>
  <system-out/>
</testsuite> <!-- com.assignment.Utils.Utilities -->
