<?xml version="1.0" encoding="UTF-8"?>
<!-- Generated by org.testng.reporters.JUnitReportReporter -->
<testsuite hostname="DESKTOP-RLVQPSS" failures="0" tests="1" name="com.olay.Test.germanyRegistrationTest" time="61.697" errors="0" timestamp="2020-05-13T15:07:12 IST" skipped="0">
  <testcase classname="com.olay.Test.germanyRegistrationTest" name="UK_RegistrationUsingExcel" time="61.697"/>
  <system-out/>
</testsuite> <!-- com.olay.Test.germanyRegistrationTest -->
