<?xml version="1.0" encoding="UTF-8"?>
<!-- Generated by org.testng.reporters.JUnitReportReporter -->
<testsuite hostname="DESKTOP-RLVQPSS" failures="0" tests="3" name="com.assignment.Utils.DDTTestUsingJson" time="0.014" errors="0" timestamp="2020-05-11T23:01:45 IST" skipped="0">
  <testcase classname="com.assignment.Utils.DDTTestUsingJson" name="fetchData" time="0.005"/>
  <system-out/>
  <testcase classname="com.assignment.Utils.DDTTestUsingJson" name="fetchData" time="0.007"/>
  <system-out/>
  <testcase classname="com.assignment.Utils.DDTTestUsingJson" name="fetchData" time="0.002"/>
  <system-out/>
</testsuite> <!-- com.assignment.Utils.DDTTestUsingJson -->
